app/build/outputs/mapping/release/seeds.txt
tw.music.streamer.ChgpicActivity$GestureImageView: int getImageHeight()
tw.music.streamer.LyricsActivity: LyricsActivity()
tw.music.streamer.DebugActivity: DebugActivity()
tw.music.streamer.ProfileActivity
tw.music.streamer.AboutActivity: AboutActivity()
tw.music.streamer.ChgpicActivity$GestureImageView: void setScaleType(android.widget.ImageView$ScaleType)
tw.music.streamer.ChgpicActivity$GestureImageView: void setColorFilter(android.graphics.ColorFilter)
tw.music.streamer.ChgpicActivity$GestureImageView: void setStartingScale(float)
tw.music.streamer.WizardActivity
tw.music.streamer.ChgpicActivity$GestureImageView: void setMinScale(float)
tw.music.streamer.UpdateappActivity: UpdateappActivity()
tw.music.streamer.SwthomeActivity: SwthomeActivity()
tw.music.streamer.ChgpicActivity$GestureImageView: void setRotation(float)
tw.music.streamer.ThemesActivity
tw.music.streamer.ChgpicActivity$GestureImageView: void setSelected(boolean)
tw.music.streamer.ChgpicActivity
tw.music.streamer.ChgpicActivity$GestureImageView: void setStrict(boolean)
tw.music.streamer.MessageActivity: MessageActivity()
tw.music.streamer.CropActivity
tw.music.streamer.SettingsActivity
tw.music.streamer.CropActivity$CropImageView: android.graphics.Bitmap getCroppedImage()
tw.music.streamer.FilepickerActivity: FilepickerActivity()
tw.music.streamer.ChgpicActivity$GestureImageView: void setRecycle(boolean)
tw.music.streamer.ChgpicActivity$GestureImageView: void setGestureImageViewListener(tw.music.streamer.ChgpicActivity$GestureImageViewListener)
tw.music.streamer.ChgpicActivity$GestureImageView: float getScale()
tw.music.streamer.UpdateappActivity
tw.music.streamer.LyricsActivity
tw.music.streamer.FilepickerActivity
tw.music.streamer.ChgpicActivity$GestureImageView: float getImageX()
tw.music.streamer.ChgpicActivity$GestureImageView: float getCenterY()
tw.music.streamer.MessageActivity
tw.music.streamer.DaeditActivity: DaeditActivity()
tw.music.streamer.ChgpicActivity$GestureImageView: float getImageY()
tw.music.streamer.CropActivity$CropImageView: float getTargetAspectRatio()
tw.music.streamer.StreamerActivity
tw.music.streamer.CropActivity$Edge: tw.music.streamer.CropActivity$Edge valueOf(java.lang.String)
tw.music.streamer.SwthomeActivity
tw.music.streamer.SketchApplication
tw.music.streamer.ChgpicActivity$GestureImageView: tw.music.streamer.ChgpicActivity$GestureImageViewListener getGestureImageViewListener()
tw.music.streamer.CropActivity$Edge: tw.music.streamer.CropActivity$Edge[] values()
tw.music.streamer.ChgpicActivity$GestureImageView: int getImageWidth()
tw.music.streamer.ChgpicActivity: ChgpicActivity()
tw.music.streamer.ZryteZeneService: ZryteZeneService()
tw.music.streamer.ChgpicActivity$GestureImageView: int getDeviceOrientation()
tw.music.streamer.UploadActivity
tw.music.streamer.ChgpicActivity$GestureImageView: void setMaxScale(float)
tw.music.streamer.LogcatActivity
tw.music.streamer.ChgpicActivity$GestureImageView: void setImageLevel(int)
tw.music.streamer.CropActivity$CropImageView: android.graphics.RectF getBitmapRect()
tw.music.streamer.UploadActivity: UploadActivity()
tw.music.streamer.SettingsActivity: SettingsActivity()
tw.music.streamer.ChgpicActivity$GestureImageView: float getCenterX()
tw.music.streamer.CropActivity$Handle: tw.music.streamer.CropActivity$Handle valueOf(java.lang.String)
tw.music.streamer.ChgpicActivity$GestureImageView: void setScale(float)
tw.music.streamer.ChgpicActivity$GestureImageView: android.graphics.drawable.Drawable getDrawable()
tw.music.streamer.ChgpicActivity$GestureImageView: void setAdjustViewBounds(boolean)
tw.music.streamer.ChgpicActivity$GestureImageView: void setOnClickListener(android.view.View$OnClickListener)
tw.music.streamer.ChgpicActivity$GestureImageView: int getScaledHeight()
tw.music.streamer.CropActivity$CropImageView: void setFixedAspectRatio(boolean)
tw.music.streamer.WizardActivity: WizardActivity()
...
androidx.appcompat.R$drawable: int btn_radio_off_to_on_mtrl_animation
com.google.android.material.R$styleable: int Tooltip_android_padding
com.google.android.material.R$styleable: int MaterialCalendar_yearStyle
com.google.android.material.R$styleable: int SwitchCompat_trackTint
androidx.recyclerview.R$styleable: int FontFamilyFont_font
androidx.appcompat.widget.AppCompatImageButton: void setImageDrawable(android.graphics.drawable.Drawable)
com.google.android.material.R$integer: int mtrl_chip_anim_duration
com.google.android.material.R$styleable: int AppCompatTextView_lastBaselineToBottomHeight
com.google.android.gms.internal.measurement.zzcd$zzc: com.google.android.gms.internal.measurement.zzcd$zzc zzi
com.google.android.material.chip.Chip: float getChipMinHeight()
com.google.firebase.database.logging.Logger$Level: com.google.firebase.database.logging.Logger$Level[] values()
androidx.appcompat.R$id: int action_bar_activity_content
androidx.appcompat.R$attr: int ratingBarStyleSmall
com.google.android.material.R$id: int none
com.google.android.material.R$dimen: int design_snackbar_min_width
com.google.android.material.R$style: int Base_Theme_AppCompat_Dialog_Alert
com.google.android.material.R$color: int dim_foreground_material_dark
androidx.appcompat.R$attr: int arrowHeadLength
com.google.android.material.R$style: int Platform_MaterialComponents_Dialog
androidx.appcompat.R$styleable: int ActionMode_height
com.google.android.material.R$style: int Widget_MaterialComponents_CheckedTextView
com.google.android.material.textfield.TextInputLayout: android.content.res.ColorStateList getHintTextColor()
androidx.appcompat.R$style: int Base_TextAppearance_AppCompat_Caption
com.google.android.material.R$styleable: int[] TextAppearance
com.google.android.material.R$styleable: int ExtendedFloatingActionButton_elevation
com.google.android.material.R$layout: int abc_tooltip
com.google.firebase.auth.internal.zzw: android.os.Parcelable$Creator CREATOR
androidx.appcompat.widget.SearchView$SearchAutoComplete: void setThreshold(int)
com.google.android.material.R$styleable: int ForegroundLinearLayout_foregroundInsidePadding
com.google.android.material.R$styleable: int[] NavigationView
androidx.coordinatorlayout.R$style: int Widget_Compat_NotificationActionText
androidx.appcompat.R$style: int Widget_AppCompat_SearchView
com.google.android.material.R$drawable: int abc_item_background_holo_light
com.google.android.material.textfield.TextInputLayout: java.lang.CharSequence getHelperText()
androidx.appcompat.R$styleable: int AppCompatTheme_textAppearanceListItem
com.google.android.material.R$style: int Widget_MaterialComponents_MaterialCalendar_HeaderLayout
com.google.android.material.textfield.TextInputLayout: void setEndIconCheckable(boolean)
com.google.android.material.R$attr: int actionModePopupWindowStyle
com.google.android.material.R$style: int RtlOverlay_Widget_AppCompat_PopupMenuItem_Text
com.google.android.material.textfield.TextInputLayout: android.widget.TextView getSuffixTextView()
com.google.android.material.R$id: int search_edit_frame
androidx.appcompat.R$drawable: int abc_ic_menu_paste_mtrl_am_alpha
com.google.android.gms.internal.firebase_auth.zzcy: android.os.Parcelable$Creator CREATOR
com.google.android.material.R$dimen: int mtrl_high_ripple_default_alpha
com.bumptech.glide.request.RequestCoordinator$RequestState: com.bumptech.glide.request.RequestCoordinator$RequestState valueOf(java.lang.String)
androidx.appcompat.R$styleable: int AppCompatTextView_drawableRightCompat
com.google.android.material.R$dimen: int mtrl_slider_thumb_elevation
com.google.android.material.R$dimen: int mtrl_tooltip_cornerSize
com.bumptech.glide.R$id: int line1
com.google.android.material.R$attr: int colorPrimaryVariant
com.google.android.material.R$styleable: int ViewPager2_android_orientation
com.google.android.material.R$attr: int textInputStyle
androidx.appcompat.R$styleable: int ListPopupWindow_android_dropDownHorizontalOffset