app/build/outputs/mapping/release/mapping.txt
# compiler: R8
# compiler_version: 2.0.88
# min_api: 21
# pg_map_id: babce41
# common_typos_disable
tw.music.streamer.AboutActivity -> tw.music.streamer.AboutActivity:
    android.widget.ImageView imageview11 -> y0
    android.widget.TextView textview46 -> U
    android.widget.TextView textview18 -> x0
    android.widget.LinearLayout linear42 -> g0
    android.widget.LinearLayout linear7 -> F
    android.widget.ImageView imageview7 -> m0
    android.widget.TextView textview29 -> t0
    android.widget.LinearLayout linear40 -> c0
    android.widget.TextView textview9 -> K0
    android.widget.LinearLayout linear1 -> w
    android.widget.TextView textview44 -> G0
    android.widget.TextView textview21 -> h1
    android.widget.TextView textview41 -> C0
    android.widget.TextView textview3 -> N
    android.widget.LinearLayout linear38 -> O0
    android.widget.ImageView imageview15 -> U0
    android.widget.TextView textview32 -> W0
    android.widget.LinearLayout linear6 -> E
    android.widget.TextView textview27 -> S0
    android.widget.TextView textview16 -> o0
    android.widget.ImageView imageview21 -> E0
    android.content.Intent intentlol -> k1
    android.widget.TextView textview14 -> k0
    android.widget.ImageView imageview8 -> v0
    android.widget.LinearLayout linear9 -> H
    android.widget.LinearLayout linear22 -> f0
    android.widget.TextView textview30 -> u0
    android.widget.ImageView imageview6 -> j0
    android.content.SharedPreferences data -> j1
    android.widget.LinearLayout linear14 -> b0
    android.widget.ImageView imageview4 -> P
tw.music.streamer.AboutActivity$1 -> tw.music.streamer.AboutActivity$k:
    tw.music.streamer.AboutActivity this$0 -> c
tw.music.streamer.AboutActivity$10 -> tw.music.streamer.AboutActivity$a:
    tw.music.streamer.AboutActivity this$0 -> c
tw.music.streamer.AboutActivity$11 -> tw.music.streamer.AboutActivity$b:
    tw.music.streamer.AboutActivity this$0 -> c
tw.music.streamer.AboutActivity$12 -> tw.music.streamer.AboutActivity$c:
    tw.music.streamer.AboutActivity this$0 -> c
tw.music.streamer.AboutActivity$13 -> tw.music.streamer.AboutActivity$d:
    tw.music.streamer.AboutActivity this$0 -> c
tw.music.streamer.AboutActivity$14 -> tw.music.streamer.AboutActivity$e:
    tw.music.streamer.AboutActivity this$0 -> c
tw.music.streamer.AboutActivity$15 -> tw.music.streamer.AboutActivity$f:
    tw.music.streamer.AboutActivity this$0 -> c
tw.music.streamer.AboutActivity$16 -> tw.music.streamer.AboutActivity$g:
    tw.music.streamer.AboutActivity this$0 -> c
tw.music.streamer.AboutActivity$17 -> tw.music.streamer.AboutActivity$h:
    tw.music.streamer.AboutActivity this$0 -> c
tw.music.streamer.AboutActivity$18 -> tw.music.streamer.AboutActivity$i:
    tw.music.streamer.AboutActivity this$0 -> c
tw.music.streamer.AboutActivity$19 -> tw.music.streamer.AboutActivity$j:
    tw.music.streamer.AboutActivity this$0 -> c
tw.music.streamer.AboutActivity$2 -> tw.music.streamer.AboutActivity$u:
    tw.music.streamer.AboutActivity this$0 -> c
tw.music.streamer.AboutActivity$20 -> tw.music.streamer.AboutActivity$l:
    tw.music.streamer.AboutActivity this$0 -> c
tw.music.streamer.AboutActivity$21 -> tw.music.streamer.AboutActivity$m:
    tw.music.streamer.AboutActivity this$0 -> c
tw.music.streamer.AboutActivity$22 -> tw.music.streamer.AboutActivity$n:
    tw.music.streamer.AboutActivity this$0 -> c
tw.music.streamer.AboutActivity$23 -> tw.music.streamer.AboutActivity$o:
    tw.music.streamer.AboutActivity this$0 -> a
    void onCancelled(com.google.firebase.database.DatabaseError) -> a
    void onChildChanged(com.google.firebase.database.DataSnapshot,java.lang.String) -> b
    void onChildAdded(com.google.firebase.database.DataSnapshot,java.lang.String) -> c
    void onChildRemoved(com.google.firebase.database.DataSnapshot) -> d
    void onChildMoved(com.google.firebase.database.DataSnapshot,java.lang.String) -> e
tw.music.streamer.AboutActivity$23$1 -> tw.music.streamer.AboutActivity$o$a:
tw.music.streamer.AboutActivity$23$2 -> tw.music.streamer.AboutActivity$o$b:
...
com.google.android.gms.internal.measurement.zzlq -> b.a.a.a.e.e.va:
    com.google.android.gms.internal.measurement.zzdc zza -> a
    boolean zza() -> a
com.google.android.gms.internal.measurement.zzlr -> b.a.a.a.e.e.wa:
    com.google.android.gms.internal.measurement.zzdc zza -> a
    boolean zza() -> a
com.google.android.gms.internal.measurement.zzls -> b.a.a.a.e.e.xa:
    boolean zza() -> a
com.google.android.gms.internal.measurement.zzlt -> b.a.a.a.e.e.ya:
    boolean zza() -> a
    long zzb() -> b
com.google.android.gms.internal.measurement.zzlu -> b.a.a.a.e.e.za:
    com.google.android.gms.internal.measurement.zzeb zzb -> c
    com.google.android.gms.internal.measurement.zzlu zza -> d
    java.lang.Object zza() -> a
    boolean zzb() -> b
    long zzc() -> c
com.google.android.gms.internal.measurement.zzlv -> b.a.a.a.e.e.ab:
    com.google.android.gms.internal.measurement.zzeb zzb -> c
    com.google.android.gms.internal.measurement.zzlv zza -> d
    long zzs() -> A
    long zzt() -> B
    long zzu() -> C
    long zzv() -> D
    long zzw() -> E
    long zzx() -> F
    long zzy() -> G
    long zzz() -> H
    java.lang.Object zza() -> a
    long zzaa() -> b
    long zzab() -> c
    long zzac() -> d
    long zzad() -> e
    long zzae() -> f
    long zzaf() -> g
    java.lang.String zzag() -> h
    long zzah() -> i
    long zzb() -> j
    long zzc() -> k
    java.lang.String zzd() -> l
    java.lang.String zze() -> m
    long zzf() -> n
    long zzg() -> o
    long zzh() -> p
    long zzi() -> q
    long zzj() -> r
    long zzk() -> s
    long zzl() -> t
    long zzm() -> u
    long zzn() -> v
    long zzo() -> w
    long zzp() -> x
    long zzq() -> y
    long zzr() -> z
com.google.android.gms.internal.measurement.zzlw -> b.a.a.a.e.e.bb:
    com.google.android.gms.internal.measurement.zzdc zzb -> b
    com.google.android.gms.internal.measurement.zzdc zza -> a
    boolean zza() -> a
    long zzb() -> b
com.google.android.gms.internal.measurement.zzlx -> b.a.a.a.e.e.cb:
    com.google.android.gms.internal.measurement.zzdc zzl -> k
    com.google.android.gms.internal.measurement.zzdc zzn -> m
    com.google.android.gms.internal.measurement.zzdc zzq -> o
    com.google.android.gms.internal.measurement.zzdc zzt -> q
    com.google.android.gms.internal.measurement.zzdc zzv -> s
    com.google.android.gms.internal.measurement.zzdc zzx -> u
    com.google.android.gms.internal.measurement.zzdc zzz -> w
    com.google.android.gms.internal.measurement.zzdc zzab -> y
    com.google.android.gms.internal.measurement.zzdc zzae -> B
    com.google.android.gms.internal.measurement.zzdc zza -> a
    com.google.android.gms.internal.measurement.zzdc zzag -> D
    com.google.android.gms.internal.measurement.zzdc zzd -> c
    com.google.android.gms.internal.measurement.zzdc zzai -> F
    com.google.android.gms.internal.measurement.zzdc zzf -> e
    com.google.android.gms.internal.measurement.zzdc zzh -> g
    com.google.android.gms.internal.measurement.zzdc zzj -> i
    com.google.android.gms.internal.measurement.zzdc zzm -> l
    com.google.android.gms.internal.measurement.zzdc zzo -> n
    com.google.android.gms.internal.measurement.zzdc zzs -> p
    com.google.android.gms.internal.measurement.zzdc zzu -> r
    com.google.android.gms.internal.measurement.zzdc zzw -> t
    com.google.android.gms.internal.measurement.zzdc zzy -> v
    com.google.android.gms.internal.measurement.zzdc zzaa -> x