app/build/outputs/mapping/release/usage.txt
tw.music.streamer.CropActivity$HandleHelper:
    private static final float UNFIXED_ASPECT_RATIO_CONSTANT
tw.music.streamer.SketchwareUtil:
    public void <init>()
    public static int getLocationX(android.view.View)
    public static int getLocationY(android.view.View)
    public static java.util.ArrayList getCheckedItemPositionsToArray(android.widget.ListView)
    public static void getAllKeysFromMap(java.util.Map,java.util.ArrayList)
tw.music.streamer.RequestNetworkController:
    public static final java.lang.String GET
    public static final java.lang.String POST
    public static final java.lang.String PUT
    public static final java.lang.String DELETE
    public static final int REQUEST_PARAM
    public static final int REQUEST_BODY
    private static final int SOCKET_TIMEOUT
    private static final int READ_TIMEOUT
tw.music.streamer.ProfileActivity:
    private void _rippleLib()
    public void drawableclass()
    public void showMessage(java.lang.String)
    public int getLocationX(android.view.View)
    public int getLocationY(android.view.View)
    public int getRandom(int,int)
    public java.util.ArrayList getCheckedItemPositionsToArray(android.widget.ListView)
    public float getDip(int)
    public int getDisplayWidthPixels()
    public int getDisplayHeightPixels()
    private java.util.TimerTask delay
tw.music.streamer.R$id
tw.music.streamer.UpdateappActivity:
    private void _shape(double,double,double,double,java.lang.String,java.lang.String,double,android.view.View)
    public void drawableclass()
    public void showMessage(java.lang.String)
    public int getLocationX(android.view.View)
    public int getLocationY(android.view.View)
    public int getRandom(int,int)
    public java.util.ArrayList getCheckedItemPositionsToArray(android.widget.ListView)
    public float getDip(int)
    public int getDisplayWidthPixels()
    public int getDisplayHeightPixels()
tw.music.streamer.R$drawable
tw.music.streamer.SettingsActivity:
    public void drawableclass()
    public void showMessage(java.lang.String)
    public int getLocationX(android.view.View)
    public int getLocationY(android.view.View)
    public int getRandom(int,int)
    public java.util.ArrayList getCheckedItemPositionsToArray(android.widget.ListView)
    public float getDip(int)
    public int getDisplayWidthPixels()
    public int getDisplayHeightPixels()
tw.music.streamer.ThemesstrActivity:
    public void showMessage(java.lang.String)
    public int getLocationX(android.view.View)
    public int getLocationY(android.view.View)
    public int getRandom(int,int)
    public java.util.ArrayList getCheckedItemPositionsToArray(android.widget.ListView)
    public float getDip(int)
    public int getDisplayWidthPixels()
    public int getDisplayHeightPixels()
tw.music.streamer.ChgpicActivity:
    private void _customSnack(java.lang.String,double)
    public void showMessage(java.lang.String)
    public int getLocationX(android.view.View)
    public int getLocationY(android.view.View)
    public int getRandom(int,int)
    public java.util.ArrayList getCheckedItemPositionsToArray(android.widget.ListView)
    public float getDip(int)
    public int getDisplayWidthPixels()
    public int getDisplayHeightPixels()
tw.music.streamer.UpdateappActivity$CircleDrawables
tw.music.streamer.DebugActivity:
    public void showMessage(java.lang.String)
    public int getLocationX(android.view.View)
    public int getLocationY(android.view.View)
    public int getRandom(int,int)
    public java.util.ArrayList getCheckedItemPositionsToArray(android.widget.ListView)
    public float getDip(int)
    public int getDisplayWidthPixels()
    public int getDisplayHeightPixels()
...
com.google.android.gms.internal.firebase_auth.zzll
androidx.recyclerview.widget.ThreadUtil
com.google.firebase.auth.internal.zzah:
    private final void zza(android.content.Intent,com.google.android.gms.tasks.TaskCompletionSource,com.google.firebase.auth.FirebaseAuth)
    private final void zza(android.content.Intent,com.google.android.gms.tasks.TaskCompletionSource,com.google.firebase.auth.FirebaseUser)
    private final void zzb(android.content.Intent,com.google.android.gms.tasks.TaskCompletionSource,com.google.firebase.auth.FirebaseUser)
    private static com.google.firebase.auth.AuthCredential zza(android.content.Intent)
    static void zzb()
    static synthetic void zza(com.google.firebase.auth.internal.zzah,android.content.Intent,com.google.android.gms.tasks.TaskCompletionSource,com.google.firebase.auth.FirebaseAuth)
    static synthetic void zza(com.google.firebase.auth.internal.zzah,android.content.Intent,com.google.android.gms.tasks.TaskCompletionSource,com.google.firebase.auth.FirebaseUser)
    static synthetic void zzb(com.google.firebase.auth.internal.zzah,android.content.Intent,com.google.android.gms.tasks.TaskCompletionSource,com.google.firebase.auth.FirebaseUser)
    public final boolean zza(android.app.Activity,com.google.android.gms.tasks.TaskCompletionSource,com.google.firebase.auth.FirebaseAuth)
    public final boolean zza(android.app.Activity,com.google.android.gms.tasks.TaskCompletionSource,com.google.firebase.auth.FirebaseAuth,com.google.firebase.auth.FirebaseUser)
kotlin.collections.EmptyIterator:
    public void add(java.lang.Void)
    public void set(java.lang.Void)
com.google.firebase.auth.api.internal.zzdk
com.bumptech.glide.load.model.ByteBufferEncoder:
    private static final java.lang.String TAG
kotlin.jvm.JvmField
kotlin.jvm.functions.Function12
kotlin.ranges.UIntProgression
com.google.android.gms.common.api.internal.RegistrationMethods$Builder
com.google.android.gms.internal.firebase_auth.zzal
androidx.cardview.widget.CardViewBaseImpl:
    private androidx.cardview.widget.RoundRectDrawableWithShadow createBackground(android.content.Context,android.content.res.ColorStateList,float,float,float)
    public void initialize(androidx.cardview.widget.CardViewDelegate,android.content.Context,android.content.res.ColorStateList,float,float,float)
com.google.android.gms.common.images.ImageManager$zac
androidx.renderscript.ScriptC
androidx.core.view.accessibility.AccessibilityViewCommand$MoveHtmlArguments:
    public java.lang.String getHTMLElement()
androidx.core.provider.FontsContractCompat$4$2
com.google.android.gms.internal.common.zze:
    public void <init>()
androidx.fragment.R$styleable
androidx.cardview.widget.CardViewApi21Impl:
    public void initialize(androidx.cardview.widget.CardViewDelegate,android.content.Context,android.content.res.ColorStateList,float,float,float)
com.google.firebase.database.DatabaseReference$5
androidx.collection.SimpleArrayMap:
    private static final boolean DEBUG
    private static final java.lang.String TAG
    private static final boolean CONCURRENT_MODIFICATION_EXCEPTIONS
    private static final int BASE_SIZE
    private static final int CACHE_SIZE
androidx.core.graphics.TypefaceCompat:
    private void <init>()
kotlin.contracts.ContractBuilderKt
com.google.android.material.datepicker.DateSelector:
    public abstract boolean isSelectionComplete()
    public abstract void setSelection(java.lang.Object)
    public abstract java.lang.String getSelectionDisplayString(android.content.Context)
    public abstract int getDefaultTitleResId()
    public abstract int getDefaultThemeResId(android.content.Context)
    public abstract android.view.View onCreateTextInputView(android.view.LayoutInflater,android.view.ViewGroup,android.os.Bundle,com.google.android.material.datepicker.CalendarConstraints,com.google.android.material.datepicker.OnSelectionChangedListener)
kotlin.sequences.DropSequence:
    public kotlin.sequences.Sequence take(int)